\BOOKMARK [0][-]{chapter.1}{Preface}{}% 1
\BOOKMARK [1][-]{section.1.1}{Motivation}{chapter.1}% 2
\BOOKMARK [1][-]{section.1.2}{Acknowledgments}{chapter.1}% 3
\BOOKMARK [1][-]{section.1.3}{Supporting\040Materials}{chapter.1}% 4
\BOOKMARK [1][-]{section.1.4}{Formatting\040Conventions}{chapter.1}% 5
\BOOKMARK [1][-]{section.1.5}{Errata}{chapter.1}% 6
\BOOKMARK [0][-]{chapter.2}{Orientation}{}% 7
\BOOKMARK [1][-]{section.2.1}{Introduction}{chapter.2}% 8
\BOOKMARK [1][-]{section.2.2}{Why\040Python?}{chapter.2}% 9
\BOOKMARK [1][-]{section.2.3}{The\040Anaconda\040Distribution\040of\040Python}{chapter.2}% 10
\BOOKMARK [1][-]{section.2.4}{Installing\040Anaconda\040on\040Windows}{chapter.2}% 11
\BOOKMARK [1][-]{section.2.5}{Installing\040Anaconda\040on\040MacOS}{chapter.2}% 12
\BOOKMARK [1][-]{section.2.6}{Installing\040Anaconda\040on\040Linux}{chapter.2}% 13
\BOOKMARK [1][-]{section.2.7}{Installing\040Python\040from\040Python.org}{chapter.2}% 14
\BOOKMARK [1][-]{section.2.8}{Summary}{chapter.2}% 15
\BOOKMARK [1][-]{section.2.9}{Review\040Questions}{chapter.2}% 16
\BOOKMARK [0][-]{chapter.3}{The\040Python\040REPL}{}% 17
\BOOKMARK [1][-]{section.3.1}{Introduction}{chapter.3}% 18
\BOOKMARK [1][-]{section.3.2}{Python\040as\040a\040Calculator}{chapter.3}% 19
\BOOKMARK [1][-]{section.3.3}{Variables}{chapter.3}% 20
\BOOKMARK [1][-]{section.3.4}{Boolean\040Arithmetic}{chapter.3}% 21
\BOOKMARK [1][-]{section.3.5}{String\040Operations}{chapter.3}% 22
\BOOKMARK [1][-]{section.3.6}{Print\040Statements}{chapter.3}% 23
\BOOKMARK [1][-]{section.3.7}{Summary}{chapter.3}% 24
\BOOKMARK [1][-]{section.3.8}{Review\040Questions}{chapter.3}% 25
\BOOKMARK [0][-]{chapter.4}{Python\040Data\040Types\040and\040Variables}{}% 26
\BOOKMARK [1][-]{section.4.1}{Introduction}{chapter.4}% 27
\BOOKMARK [1][-]{section.4.2}{Numeric\040Data\040Types}{chapter.4}% 28
\BOOKMARK [1][-]{section.4.3}{Boolean\040Data\040Type}{chapter.4}% 29
\BOOKMARK [1][-]{section.4.4}{Strings}{chapter.4}% 30
\BOOKMARK [1][-]{section.4.5}{Lists}{chapter.4}% 31
\BOOKMARK [1][-]{section.4.6}{Dictionaries\040and\040Tuples}{chapter.4}% 32
\BOOKMARK [1][-]{section.4.7}{Summary}{chapter.4}% 33
\BOOKMARK [1][-]{section.4.8}{Review\040Questions}{chapter.4}% 34
\BOOKMARK [0][-]{chapter.5}{Jupyter\040Notebooks}{}% 35
\BOOKMARK [1][-]{section.5.1}{Introduction}{chapter.5}% 36
\BOOKMARK [1][-]{section.5.2}{What\040is\040a\040Jupyter\040Notebook?}{chapter.5}% 37
\BOOKMARK [1][-]{section.5.3}{Why\040Jupyter\040Notebooks?}{chapter.5}% 38
\BOOKMARK [1][-]{section.5.4}{Installing\040Juypter}{chapter.5}% 39
\BOOKMARK [1][-]{section.5.5}{Opening\040a\040Jupyter\040Notebook}{chapter.5}% 40
\BOOKMARK [1][-]{section.5.6}{The\040Jupyter\040Notebook\040Interface}{chapter.5}% 41
\BOOKMARK [1][-]{section.5.7}{Magic\040Cells}{chapter.5}% 42
\BOOKMARK [1][-]{section.5.8}{Summary}{chapter.5}% 43
\BOOKMARK [1][-]{section.5.9}{Review\040Questions}{chapter.5}% 44
\BOOKMARK [0][-]{chapter.6}{Functions\040and\040Modules}{}% 45
\BOOKMARK [1][-]{section.6.1}{Introduction}{chapter.6}% 46
\BOOKMARK [1][-]{section.6.2}{Why\040Functions?}{chapter.6}% 47
\BOOKMARK [1][-]{section.6.3}{First\040Function}{chapter.6}% 48
\BOOKMARK [1][-]{section.6.4}{Functions\040with\040Multiple\040Arguments}{chapter.6}% 49
\BOOKMARK [1][-]{section.6.5}{Functions\040with\040Default\040Arguments}{chapter.6}% 50
\BOOKMARK [1][-]{section.6.6}{Calling\040Functions\040from\040Other\040Files}{chapter.6}% 51
\BOOKMARK [1][-]{section.6.7}{Docstrings\040in\040Functions}{chapter.6}% 52
\BOOKMARK [1][-]{section.6.8}{Positional\040and\040Keyword\040Arguments}{chapter.6}% 53
\BOOKMARK [1][-]{section.6.9}{Summary}{chapter.6}% 54
\BOOKMARK [1][-]{section.6.10}{Review\040Questions}{chapter.6}% 55
\BOOKMARK [0][-]{chapter.7}{Plotting\040with\040Matplotlib}{}% 56
\BOOKMARK [1][-]{section.7.1}{Introduction}{chapter.7}% 57
\BOOKMARK [1][-]{section.7.2}{What\040is\040Matplotlib?}{chapter.7}% 58
\BOOKMARK [1][-]{section.7.3}{Installing\040Matplotlib}{chapter.7}% 59
\BOOKMARK [1][-]{section.7.4}{Line\040Plots}{chapter.7}% 60
\BOOKMARK [1][-]{section.7.5}{Multi\040Line\04